<?xml version="1.0" encoding="UTF-8"?>
<libosinfo version="0.0.1">
  <os id="http://libosinfo.org/test/db/media-dupe3">
    <short-id>db-media-dupe3</short-id>
    <name>DB Media Dupe3</name>
    <version>unknown</version>
    <vendor>libosinfo.org</vendor>
    <family>test</family>

    <media arch="ppc64">
      <iso>
        <volume-id>dupe</volume-id>
        <system-id>LINUX</system-id>
      </iso>
    </media>
  </os>
</libosinfo>
