<?xml version="1.0" encoding="UTF-8"?>
<libosinfo version="0.0.1">
  <os id="http://libosinfo.org/test/os/firmwares/complete/inherit2">
    <short-id>completeinherit2</short-id>
    <name>Complete Inherit 2</name>
    <vendor>libosinfo.org</vendor>
    <family>test</family>
    <derives-from id="http://libosinfo.org/test/os/firmwares/complete/inherit1"/>

    <firmware arch="aarch64" type="bios"/>
  </os>
</libosinfo>
