<?xml version="1.0" encoding="UTF-8"?>
<libosinfo version="0.0.1">
  <os id="http://libosinfo.org/test/os/firmwares/complete/inherit1">
    <short-id>completeinherit1</short-id>
    <name>Complete Inherit 1</name>
    <vendor>libosinfo.org</vendor>
    <family>test</family>

    <firmware arch="x86_64" type="bios"/>
  </os>
</libosinfo>
